{"/Users/zhanglei/project/build-webpack/lib/webpack.base.js":{"path":"/Users/zhanglei/project/build-webpack/lib/webpack.base.js","s":{"1":1,"2":1,"3":1,"4":1,"5":1,"6":1,"7":1,"8":1,"9":1,"10":1,"11":1,"12":1,"13":1,"14":2,"15":2,"16":2,"17":2,"18":2,"19":1,"20":1,"21":1,"22":0,"23":0,"24":0},"b":{"1":[2,2],"2":[0,0],"3":[0,0,0]},"f":{"1":0},"fnMap":{"1":{"name":"doneErrorWebpackPlugin","line":143,"loc":{"start":{"line":143,"column":4},"end":{"line":143,"column":38}}}},"statementMap":{"1":{"start":{"line":1,"column":0},"end":{"line":1,"column":28}},"2":{"start":{"line":2,"column":0},"end":{"line":2,"column":28}},"3":{"start":{"line":3,"column":0},"end":{"line":3,"column":63}},"4":{"start":{"line":4,"column":0},"end":{"line":4,"column":56}},"5":{"start":{"line":5,"column":0},"end":{"line":5,"column":62}},"6":{"start":{"line":6,"column":0},"end":{"line":6,"column":44}},"7":{"start":{"line":7,"column":0},"end":{"line":7,"column":77}},"8":{"start":{"line":9,"column":0},"end":{"line":9,"column":33}},"9":{"start":{"line":11,"column":0},"end":{"line":46,"column":1}},"10":{"start":{"line":12,"column":2},"end":{"line":12,"column":18}},"11":{"start":{"line":13,"column":2},"end":{"line":13,"column":30}},"12":{"start":{"line":15,"column":2},"end":{"line":15,"column":74}},"13":{"start":{"line":16,"column":2},"end":{"line":40,"column":4}},"14":{"start":{"line":17,"column":4},"end":{"line":17,"column":39}},"15":{"start":{"line":19,"column":4},"end":{"line":19,"column":57}},"16":{"start":{"line":20,"column":4},"end":{"line":20,"column":38}},"17":{"start":{"line":21,"column":4},"end":{"line":21,"column":31}},"18":{"start":{"line":23,"column":4},"end":{"line":39,"column":5}},"19":{"start":{"line":42,"column":2},"end":{"line":45,"column":3}},"20":{"start":{"line":48,"column":0},"end":{"line":48,"column":45}},"21":{"start":{"line":49,"column":0},"end":{"line":157,"column":1}},"22":{"start":{"line":144,"column":6},"end":{"line":153,"column":8}},"23":{"start":{"line":145,"column":8},"end":{"line":152,"column":9}},"24":{"start":{"line":150,"column":10},"end":{"line":150,"column":36}}},"branchMap":{"1":{"line":20,"type":"binary-expr","locations":[{"start":{"line":20,"column":21},"end":{"line":20,"column":26}},{"start":{"line":20,"column":30},"end":{"line":20,"column":38}}]},"2":{"line":145,"type":"if","locations":[{"start":{"line":145,"column":8},"end":{"line":145,"column":8}},{"start":{"line":145,"column":8},"end":{"line":145,"column":8}}]},"3":{"line":146,"type":"binary-expr","locations":[{"start":{"line":146,"column":10},"end":{"line":146,"column":34}},{"start":{"line":147,"column":10},"end":{"line":147,"column":41}},{"start":{"line":148,"column":10},"end":{"line":148,"column":48}}]}}}}